
<html>
  <head>
    <title>Lab 04 - Graded Solution</title>
  </head>
  <body>
    <h1>Lab 04 - Graded Solution</h1>
    <p><b>You scored 85% = 1.7 points for this lab.</b></p>
    <ul>
      <li><b>Testing subscript-based acess</b>
      <ul>
      <li>Grade Percentage: 15</li>
      <li>Your solution succeeded taking 0.117 sec</Li>
      </ul>
      </li>
      <li><b>test stringification</b>
      <ul>
      <li>Grade Percentage: 10</li>
      <li>Your solution succeeded taking 0.117 sec</Li>
      </ul>
      </li>
      <li><b>testing single-element manipulation</b>
      <ul>
      <li>Grade Percentage: 15</li>
      <li>Your solution failed this test case! taking 0.162 sec</Li>
<li><pre>AssertionError: Expected [775, 891, 164, 539, 671, 39, 569, 747, 268, 805, 823, 899, 313, 500, 124, 143, 365, 159, 893, 232, 593, 714, 661, 237, 374, 289, 299, 269, 563, 626, 478, 130, 739, 877, 154, 178, 726, 266, 258, 765, 244, 170, 310, 827, 420, 79, 151, 517, 16, 679, 157, 260, 58, 997, 268, 436, 639, 719, 173, 33, 901, 364, 330, 216, 55, 791, 802, 423, 21, 46, 254, 120, 657, 757, 147, 438, 45, 424, 580, 968, 272, 193, 509, 973, 640, 73, 5, 7, 925, 243, 837, 26, 263, 859, 467, 371, 171, 980, 681, 754, 754, 754, 754, 754, 754, 754, 754, 754, 754, 754, 754, 754, 754, 754, 754, 754, 754, 754, 754, 754, 754, 754, 754, 754, 754, 754, 754, 754, 754, 754, 754, 754, 754, 754, 754, 754, 754, 754, 754, 754, 754, 754, 754, 754, 754, 754, 754, 754, 754, 754, 754, 754, 754, 754, 754, 754, 754, 754, 754, 754, 754, 754, 754, 754, 754, 754, 754, 754, 754, 754, 754, 754, 754, 754, 754, 754, 754, 754, 754, 754, 754, 754, 754, 754, 754, 754, 754, 754, 754, 754, 754, 754, 754, 754, 754, 754, 754, 754, 754, 754] but got [775, 891, 164, 539, 671, 39, 569, 747, 268, 805, 823, 899, 313, 500, 124, 143, 365, 159, 893, 232, 593, 714, 661, 237, 374, 289, 299, 269, 563, 626, 478, 130, 739, 877, 154, 178, 726, 266, 258, 765, 244, 170, 310, 827, 420, 79, 151, 517, 16, 679, 157, 260, 58, 997, 268, 436, 639, 719, 173, 33, 901, 364, 330, 216, 55, 791, 802, 423, 21, 46, 254, 120, 657, 757, 147, 438, 45, 424, 580, 968, 272, 193, 509, 973, 640, 73, 5, 7, 925, 243, 837, 26, 263, 859, 467, 371, 171, 980, 681, 754]</pre></li>
<li><pre>Traceback (most recent call last):
  File "/Users/lord_pretzel/.pyenv/versions/3.9.0/lib/python3.9/site-packages/grader-0.0.1-py3.9.egg/grader/execution_base.py", line 60, in call_test_function
    test_function(
  File "/Users/lord_pretzel/.pyenv/versions/3.9.0/lib/python3.9/site-packages/grader-0.0.1-py3.9.egg/grader/core.py", line 48, in wrapper
    result = test_function(module, *args, **kwargs)
  File "/var/folders/f7/xnz8v_b13td37s3k4w8t5j2h0000gn/T/tmpxu9k725s/lab04-test.py", line 106, in test3_3
    assertEquals(data, arrayListToList(lst))
  File "/Users/lord_pretzel/.pyenv/versions/3.9.0/lib/python3.9/site-packages/grader-0.0.1-py3.9.egg/grader/assertions.py", line 53, in assertEquals
    raise AssertionError(message)
AssertionError: Expected [775, 891, 164, 539, 671, 39, 569, 747, 268, 805, 823, 899, 313, 500, 124, 143, 365, 159, 893, 232, 593, 714, 661, 237, 374, 289, 299, 269, 563, 626, 478, 130, 739, 877, 154, 178, 726, 266, 258, 765, 244, 170, 310, 827, 420, 79, 151, 517, 16, 679, 157, 260, 58, 997, 268, 436, 639, 719, 173, 33, 901, 364, 330, 216, 55, 791, 802, 423, 21, 46, 254, 120, 657, 757, 147, 438, 45, 424, 580, 968, 272, 193, 509, 973, 640, 73, 5, 7, 925, 243, 837, 26, 263, 859, 467, 371, 171, 980, 681, 754, 754, 754, 754, 754, 754, 754, 754, 754, 754, 754, 754, 754, 754, 754, 754, 754, 754, 754, 754, 754, 754, 754, 754, 754, 754, 754, 754, 754, 754, 754, 754, 754, 754, 754, 754, 754, 754, 754, 754, 754, 754, 754, 754, 754, 754, 754, 754, 754, 754, 754, 754, 754, 754, 754, 754, 754, 754, 754, 754, 754, 754, 754, 754, 754, 754, 754, 754, 754, 754, 754, 754, 754, 754, 754, 754, 754, 754, 754, 754, 754, 754, 754, 754, 754, 754, 754, 754, 754, 754, 754, 754, 754, 754, 754, 754, 754, 754, 754, 754, 754] but got [775, 891, 164, 539, 671, 39, 569, 747, 268, 805, 823, 899, 313, 500, 124, 143, 365, 159, 893, 232, 593, 714, 661, 237, 374, 289, 299, 269, 563, 626, 478, 130, 739, 877, 154, 178, 726, 266, 258, 765, 244, 170, 310, 827, 420, 79, 151, 517, 16, 679, 157, 260, 58, 997, 268, 436, 639, 719, 173, 33, 901, 364, 330, 216, 55, 791, 802, 423, 21, 46, 254, 120, 657, 757, 147, 438, 45, 424, 580, 968, 272, 193, 509, 973, 640, 73, 5, 7, 925, 243, 837, 26, 263, 859, 467, 371, 171, 980, 681, 754]
</pre></li>
      </ul>
      </li>
      <li><b>testing predicates</b>
      <ul>
      <li>Grade Percentage: 15</li>
      <li>Your solution succeeded taking 0.118 sec</Li>
      </ul>
      </li>
      <li><b>testing queries</b>
      <ul>
      <li>Grade Percentage: 15</li>
      <li>Your solution succeeded taking 0.116 sec</Li>
      </ul>
      </li>
      <li><b>testing bulk operations</b>
      <ul>
      <li>Grade Percentage: 15</li>
      <li>Your solution succeeded taking 0.114 sec</Li>
      </ul>
      </li>
      <li><b>testing iteration</b>
      <ul>
      <li>Grade Percentage: 15</li>
      <li>Your solution succeeded taking 0.614 sec</Li>
      </ul>
      </li>
    </ul>
  </body>
</html>
